<?xml version="1.0" encoding="UTF-8"?>
<testng-results skipped="0" failed="0" ignored="0" total="2" passed="2">
  <reporter-output>
  </reporter-output>
  <suite name="Default suite" duration-ms="52" started-at="2021-04-07T07:11:31Z" finished-at="2021-04-07T07:11:31Z">
    <groups>
    </groups>
    <test name="Default test" duration-ms="52" started-at="2021-04-07T07:11:31Z" finished-at="2021-04-07T07:11:31Z">
      <class name="org.TestNGOne">
        <test-method status="PASS" signature="tc()[pri:0, instance:org.TestNGOne@396a51ab]" name="tc" is-config="true" duration-ms="14" started-at="2021-04-07T07:11:31Z" finished-at="2021-04-07T07:11:31Z">
          <reporter-output>
          </reporter-output>
        </test-method> <!-- tc -->
        <test-method status="PASS" signature="tc2()[pri:0, instance:org.TestNGOne@396a51ab]" name="tc2" is-config="true" duration-ms="1" started-at="2021-04-07T07:11:31Z" finished-at="2021-04-07T07:11:31Z">
          <reporter-output>
          </reporter-output>
        </test-method> <!-- tc2 -->
        <test-method status="PASS" signature="tc4()[pri:0, instance:org.TestNGOne@396a51ab]" name="tc4" duration-ms="5" started-at="2021-04-07T07:11:31Z" finished-at="2021-04-07T07:11:31Z">
          <reporter-output>
          </reporter-output>
        </test-method> <!-- tc4 -->
        <test-method status="PASS" signature="tc3()[pri:0, instance:org.TestNGOne@396a51ab]" name="tc3" is-config="true" duration-ms="1" started-at="2021-04-07T07:11:31Z" finished-at="2021-04-07T07:11:31Z">
          <reporter-output>
          </reporter-output>
        </test-method> <!-- tc3 -->
        <test-method status="PASS" signature="tc5()[pri:0, instance:org.TestNGOne@396a51ab]" name="tc5" duration-ms="2" started-at="2021-04-07T07:11:31Z" finished-at="2021-04-07T07:11:31Z">
          <reporter-output>
          </reporter-output>
        </test-method> <!-- tc5 -->
        <test-method status="PASS" signature="tc2()[pri:0, instance:org.TestNGOne@396a51ab]" name="tc2" is-config="true" duration-ms="0" started-at="2021-04-07T07:11:31Z" finished-at="2021-04-07T07:11:31Z">
          <reporter-output>
          </reporter-output>
        </test-method> <!-- tc2 -->
        <test-method status="PASS" signature="tc1()[pri:0, instance:org.TestNGOne@396a51ab]" name="tc1" is-config="true" duration-ms="0" started-at="2021-04-07T07:11:31Z" finished-at="2021-04-07T07:11:31Z">
          <reporter-output>
          </reporter-output>
        </test-method> <!-- tc1 -->
        <test-method status="PASS" signature="tc3()[pri:0, instance:org.TestNGOne@396a51ab]" name="tc3" is-config="true" duration-ms="0" started-at="2021-04-07T07:11:31Z" finished-at="2021-04-07T07:11:31Z">
          <reporter-output>
          </reporter-output>
        </test-method> <!-- tc3 -->
      </class> <!-- org.TestNGOne -->
    </test> <!-- Default test -->
  </suite> <!-- Default suite -->
</testng-results>
